<?xml version="1.0" encoding="UTF-8"?>
<testng-results ignored="0" total="2" passed="2" failed="0" skipped="0">
  <reporter-output>
  </reporter-output>
  <suite started-at="2024-05-17T17:00:55 IST" name="Default suite" finished-at="2024-05-17T17:01:05 IST" duration-ms="10011">
    <groups>
    </groups>
    <test started-at="2024-05-17T17:00:55 IST" name="Default test" finished-at="2024-05-17T17:01:05 IST" duration-ms="10011">
      <class name="folderr.class123">
        <test-method signature="testSearch()[pri:0, instance:folderr.class123@61c4eee0]" started-at="2024-05-17T17:00:55 IST" name="testSearch" finished-at="2024-05-17T17:01:00 IST" duration-ms="4774" status="PASS">
          <reporter-output>
          </reporter-output>
        </test-method> <!-- testSearch -->
        <test-method signature="testSearchfaliling()[pri:0, instance:folderr.class123@61c4eee0]" started-at="2024-05-17T17:01:00 IST" name="testSearchfaliling" finished-at="2024-05-17T17:01:05 IST" duration-ms="5104" status="PASS">
          <reporter-output>
          </reporter-output>
        </test-method> <!-- testSearchfaliling -->
      </class> <!-- folderr.class123 -->
    </test> <!-- Default test -->
  </suite> <!-- Default suite -->
</testng-results>
